<!DOCTYPE html PUBLIC "-//W3C//DTD XHTML 1.1//EN" "http://www.w3.org/TR/xhtml11/DTD/xhtml11.dtd">
<html xmlns="http://www.w3.org/1999/xhtml"><head><title>TestNG Report</title><style type="text/css">table {margin-bottom:10px;border-collapse:collapse;empty-cells:show}th,td {border:1px solid #009;padding:.25em .5em}th {vertical-align:bottom}td {vertical-align:top}table a {font-weight:bold}.stripe td {background-color: #E6EBF9}.num {text-align:right}.passedodd td {background-color: #3F3}.passedeven td {background-color: #0A0}.skippedodd td {background-color: #DDD}.skippedeven td {background-color: #CCC}.failedodd td,.attn {background-color: #F33}.failedeven td,.stripe .attn {background-color: #D00}.stacktrace {white-space:pre;font-family:monospace}.totop {font-size:85%;text-align:center;border-bottom:2px solid #000}</style></head><body><table><tr><th>Test</th><th># Passed</th><th># Skipped</th><th># Failed</th><th>Time (ms)</th><th>Included Groups</th><th>Excluded Groups</th></tr><tr><th colspan="7">OnlinerAutomationTest</th></tr><tr><td><a href="#t0">Command line test</a></td><td class="num">4</td><td class="num">0</td><td class="num attn">1</td><td class="num">165Â 304</td><td></td><td></td></tr></table><table><thead><tr><th>Class</th><th>Method</th><th>Start</th><th>Time (ms)</th></tr></thead><tbody><tr><th colspan="4">OnlinerAutomationTest</th></tr></tbody><tbody id="t0"><tr><th colspan="4">Command line test &#8212; failed</th></tr><tr class="failedeven"><td rowspan="1">OnlinerAutomationTest</td><td><a href="#m0">oneCanAddAd</a></td><td rowspan="1">1451159373255</td><td rowspan="1">54216</td></tr><tr><th colspan="4">Command line test &#8212; passed</th></tr><tr class="passedeven"><td rowspan="4">OnlinerAutomationTest</td><td><a href="#m1">oneCanExchangeOperation</a></td><td rowspan="1">1451159434562</td><td rowspan="1">16207</td></tr><tr class="passedeven"><td><a href="#m2">oneCanLoginOnliner</a></td><td rowspan="1">1451159455994</td><td rowspan="1">20327</td></tr><tr class="passedeven"><td><a href="#m3">oneCanSearch</a></td><td rowspan="1">1451159481671</td><td rowspan="1">14523</td></tr><tr class="passedeven"><td><a href="#m4">oneCanSendMessage</a></td><td rowspan="1">1451159504220</td><td rowspan="1">26000</td></tr></tbody></table><h2>Command line test</h2><h3 id="m0">OnlinerAutomationTest#oneCanAddAd</h3><table class="result"><tr><th>Exception</th></tr><tr><td><div class="stacktrace">org.openqa.selenium.NoSuchElementException: Unable to locate element: {&quot;method&quot;:&quot;xpath&quot;,&quot;selector&quot;:&quot;//div[@class = &apos;i-view&apos;]//select[@name = &apos;f&apos;]&quot;}
Command duration or timeout: 30.07 seconds
For documentation on this error, please visit: http://seleniumhq.org/exceptions/no_such_element.html
Build info: version: &apos;2.48.2&apos;, revision: &apos;41bccdd10cf2c0560f637404c2d96164b67d9d67&apos;, time: &apos;2015-10-09 13:08:06&apos;
System info: host: &apos;MacBook-Pro-Darya.local&apos;, ip: &apos;192.168.1.3&apos;, os.name: &apos;Mac OS X&apos;, os.arch: &apos;x86_64&apos;, os.version: &apos;10.10.5&apos;, java.version: &apos;1.8.0_65&apos;
Driver info: org.openqa.selenium.firefox.FirefoxDriver
Capabilities [{applicationCacheEnabled=true, rotatable=false, handlesAlerts=true, databaseEnabled=true, version=43.0.2, platform=MAC, nativeEvents=false, acceptSslCerts=true, webStorageEnabled=true, locationContextEnabled=true, browserName=firefox, takesScreenshot=true, javascriptEnabled=true, cssSelectorsEnabled=true}]
Session ID: b9112ca2-3005-174f-8fa9-ebb4c3185edf
*** Element info: {Using=xpath, value=//div[@class = &apos;i-view&apos;]//select[@name = &apos;f&apos;]}
	at org.openqa.selenium.remote.ErrorHandler.createThrowable(ErrorHandler.java:206)
	at org.openqa.selenium.remote.ErrorHandler.throwIfResponseFailed(ErrorHandler.java:158)
	at org.openqa.selenium.remote.RemoteWebDriver.execute(RemoteWebDriver.java:647)
	at org.openqa.selenium.remote.RemoteWebDriver.findElement(RemoteWebDriver.java:353)
	at org.openqa.selenium.remote.RemoteWebDriver.findElementByXPath(RemoteWebDriver.java:490)
	at org.openqa.selenium.By$ByXPath.findElement(By.java:361)
	at org.openqa.selenium.remote.RemoteWebDriver.findElement(RemoteWebDriver.java:345)
	at org.openqa.selenium.support.pagefactory.DefaultElementLocator.findElement(DefaultElementLocator.java:69)
	at org.openqa.selenium.support.pagefactory.internal.LocatingElementHandler.invoke(LocatingElementHandler.java:38)
	at com.sun.proxy.$Proxy5.click(Unknown Source)
	at pages.AddAdPage.addAd(AddAdPage.java:54)
	at steps.Steps.addAd(Steps.java:66)
	at OnlinerAutomationTest.oneCanAddAd(OnlinerAutomationTest.java:51)
Caused by: org.openqa.selenium.NoSuchElementException: Unable to locate element: {&quot;method&quot;:&quot;xpath&quot;,&quot;selector&quot;:&quot;//div[@class = &apos;i-view&apos;]//select[@name = &apos;f&apos;]&quot;}
For documentation on this error, please visit: http://seleniumhq.org/exceptions/no_such_element.html
Build info: version: &apos;2.48.2&apos;, revision: &apos;41bccdd10cf2c0560f637404c2d96164b67d9d67&apos;, time: &apos;2015-10-09 13:08:06&apos;
System info: host: &apos;MacBook-Pro-Darya.local&apos;, ip: &apos;192.168.1.3&apos;, os.name: &apos;Mac OS X&apos;, os.arch: &apos;x86_64&apos;, os.version: &apos;10.10.5&apos;, java.version: &apos;1.8.0_65&apos;
Driver info: driver.version: unknown
	at &lt;anonymous class&gt;.FirefoxDriver.prototype.findElementInternal_(file:///var/folders/2g/yh1_y1n540zf7m2grdhw_y1c0000gn/T/anonymous343433677198975183webdriver-profile/extensions/fxdriver@googlecode.com/components/driver-component.js:10659)
	at &lt;anonymous class&gt;.fxdriver.Timer.prototype.setTimeout/&lt;.notify(file:///var/folders/2g/yh1_y1n540zf7m2grdhw_y1c0000gn/T/anonymous343433677198975183webdriver-profile/extensions/fxdriver@googlecode.com/components/driver-component.js:621)
... Removed 37 stack frames</div></td></tr></table><p class="totop"><a href="#summary">back to summary</a></p><h3 id="m1">OnlinerAutomationTest#oneCanExchangeOperation</h3><table class="result"></table><p class="totop"><a href="#summary">back to summary</a></p><h3 id="m2">OnlinerAutomationTest#oneCanLoginOnliner</h3><table class="result"></table><p class="totop"><a href="#summary">back to summary</a></p><h3 id="m3">OnlinerAutomationTest#oneCanSearch</h3><table class="result"></table><p class="totop"><a href="#summary">back to summary</a></p><h3 id="m4">OnlinerAutomationTest#oneCanSendMessage</h3><table class="result"></table><p class="totop"><a href="#summary">back to summary</a></p></body></html>