<?xml version="1.0" encoding="UTF-8"?>
<testng-results skipped="0" failed="1" total="5" passed="4">
  <reporter-output>
  </reporter-output>
  <suite name="OnlinerAutomationTest" duration-ms="165304" started-at="2015-12-26T19:49:25Z" finished-at="2015-12-26T19:52:10Z">
    <groups>
    </groups>
    <test name="Command line test" duration-ms="165304" started-at="2015-12-26T19:49:25Z" finished-at="2015-12-26T19:52:10Z">
      <class name="OnlinerAutomationTest">
        <test-method status="PASS" signature="setUp()[pri:0, instance:OnlinerAutomationTest@77b52d12]" name="setUp" is-config="true" duration-ms="8129" started-at="2015-12-26T22:49:25Z" description="Init browser" finished-at="2015-12-26T22:49:33Z">
          <reporter-output>
          </reporter-output>
        </test-method> <!-- setUp -->
        <test-method status="FAIL" signature="oneCanAddAd()[pri:0, instance:OnlinerAutomationTest@77b52d12]" name="oneCanAddAd" duration-ms="54216" started-at="2015-12-26T22:49:33Z" description="Add new ad" finished-at="2015-12-26T22:50:27Z">
          <exception class="org.openqa.selenium.NoSuchElementException">
            <message>
              <![CDATA[Unable to locate element: {"method":"xpath","selector":"//div[@class = 'i-view']//select[@name = 'f']"}
Command duration or timeout: 30.07 seconds
For documentation on this error, please visit: http://seleniumhq.org/exceptions/no_such_element.html
Build info: version: '2.48.2', revision: '41bccdd10cf2c0560f637404c2d96164b67d9d67', time: '2015-10-09 13:08:06'
System info: host: 'MacBook-Pro-Darya.local', ip: '192.168.1.3', os.name: 'Mac OS X', os.arch: 'x86_64', os.version: '10.10.5', java.version: '1.8.0_65'
Driver info: org.openqa.selenium.firefox.FirefoxDriver
Capabilities [{applicationCacheEnabled=true, rotatable=false, handlesAlerts=true, databaseEnabled=true, version=43.0.2, platform=MAC, nativeEvents=false, acceptSslCerts=true, webStorageEnabled=true, locationContextEnabled=true, browserName=firefox, takesScreenshot=true, javascriptEnabled=true, cssSelectorsEnabled=true}]
Session ID: b9112ca2-3005-174f-8fa9-ebb4c3185edf
*** Element info: {Using=xpath, value=//div[@class = 'i-view']//select[@name = 'f']}]]>
            </message>
            <full-stacktrace>
              <![CDATA[org.openqa.selenium.NoSuchElementException: Unable to locate element: {"method":"xpath","selector":"//div[@class = 'i-view']//select[@name = 'f']"}
Command duration or timeout: 30.07 seconds
For documentation on this error, please visit: http://seleniumhq.org/exceptions/no_such_element.html
Build info: version: '2.48.2', revision: '41bccdd10cf2c0560f637404c2d96164b67d9d67', time: '2015-10-09 13:08:06'
System info: host: 'MacBook-Pro-Darya.local', ip: '192.168.1.3', os.name: 'Mac OS X', os.arch: 'x86_64', os.version: '10.10.5', java.version: '1.8.0_65'
Driver info: org.openqa.selenium.firefox.FirefoxDriver
Capabilities [{applicationCacheEnabled=true, rotatable=false, handlesAlerts=true, databaseEnabled=true, version=43.0.2, platform=MAC, nativeEvents=false, acceptSslCerts=true, webStorageEnabled=true, locationContextEnabled=true, browserName=firefox, takesScreenshot=true, javascriptEnabled=true, cssSelectorsEnabled=true}]
Session ID: b9112ca2-3005-174f-8fa9-ebb4c3185edf
*** Element info: {Using=xpath, value=//div[@class = 'i-view']//select[@name = 'f']}
	at sun.reflect.NativeConstructorAccessorImpl.newInstance0(Native Method)
	at sun.reflect.NativeConstructorAccessorImpl.newInstance(NativeConstructorAccessorImpl.java:62)
	at sun.reflect.DelegatingConstructorAccessorImpl.newInstance(DelegatingConstructorAccessorImpl.java:45)
	at java.lang.reflect.Constructor.newInstance(Constructor.java:422)
	at org.openqa.selenium.remote.ErrorHandler.createThrowable(ErrorHandler.java:206)
	at org.openqa.selenium.remote.ErrorHandler.throwIfResponseFailed(ErrorHandler.java:158)
	at org.openqa.selenium.remote.RemoteWebDriver.execute(RemoteWebDriver.java:647)
	at org.openqa.selenium.remote.RemoteWebDriver.findElement(RemoteWebDriver.java:353)
	at org.openqa.selenium.remote.RemoteWebDriver.findElementByXPath(RemoteWebDriver.java:490)
	at org.openqa.selenium.By$ByXPath.findElement(By.java:361)
	at org.openqa.selenium.remote.RemoteWebDriver.findElement(RemoteWebDriver.java:345)
	at org.openqa.selenium.support.pagefactory.DefaultElementLocator.findElement(DefaultElementLocator.java:69)
	at org.openqa.selenium.support.pagefactory.internal.LocatingElementHandler.invoke(LocatingElementHandler.java:38)
	at com.sun.proxy.$Proxy5.click(Unknown Source)
	at pages.AddAdPage.addAd(AddAdPage.java:54)
	at steps.Steps.addAd(Steps.java:66)
	at OnlinerAutomationTest.oneCanAddAd(OnlinerAutomationTest.java:51)
	at sun.reflect.NativeMethodAccessorImpl.invoke0(Native Method)
	at sun.reflect.NativeMethodAccessorImpl.invoke(NativeMethodAccessorImpl.java:62)
	at sun.reflect.DelegatingMethodAccessorImpl.invoke(DelegatingMethodAccessorImpl.java:43)
	at java.lang.reflect.Method.invoke(Method.java:497)
	at org.testng.internal.MethodInvocationHelper.invokeMethod(MethodInvocationHelper.java:84)
	at org.testng.internal.Invoker.invokeMethod(Invoker.java:714)
	at org.testng.internal.Invoker.invokeTestMethod(Invoker.java:901)
	at org.testng.internal.Invoker.invokeTestMethods(Invoker.java:1231)
	at org.testng.internal.TestMethodWorker.invokeTestMethods(TestMethodWorker.java:127)
	at org.testng.internal.TestMethodWorker.run(TestMethodWorker.java:111)
	at org.testng.TestRunner.privateRun(TestRunner.java:767)
	at org.testng.TestRunner.run(TestRunner.java:617)
	at org.testng.SuiteRunner.runTest(SuiteRunner.java:348)
	at org.testng.SuiteRunner.runSequentially(SuiteRunner.java:343)
	at org.testng.SuiteRunner.privateRun(SuiteRunner.java:305)
	at org.testng.SuiteRunner.run(SuiteRunner.java:254)
	at org.testng.SuiteRunnerWorker.runSuite(SuiteRunnerWorker.java:52)
	at org.testng.SuiteRunnerWorker.run(SuiteRunnerWorker.java:86)
	at org.testng.TestNG.runSuitesSequentially(TestNG.java:1224)
	at org.testng.TestNG.runSuitesLocally(TestNG.java:1149)
	at org.testng.TestNG.run(TestNG.java:1057)
	at org.apache.maven.surefire.testng.TestNGExecutor.run(TestNGExecutor.java:77)
	at org.apache.maven.surefire.testng.TestNGDirectoryTestSuite.execute(TestNGDirectoryTestSuite.java:110)
	at org.apache.maven.surefire.testng.TestNGProvider.invoke(TestNGProvider.java:106)
	at sun.reflect.NativeMethodAccessorImpl.invoke0(Native Method)
	at sun.reflect.NativeMethodAccessorImpl.invoke(NativeMethodAccessorImpl.java:62)
	at sun.reflect.DelegatingMethodAccessorImpl.invoke(DelegatingMethodAccessorImpl.java:43)
	at java.lang.reflect.Method.invoke(Method.java:497)
	at org.apache.maven.surefire.util.ReflectionUtils.invokeMethodWithArray(ReflectionUtils.java:189)
	at org.apache.maven.surefire.booter.ProviderFactory$ProviderProxy.invoke(ProviderFactory.java:165)
	at org.apache.maven.surefire.booter.ProviderFactory.invokeProvider(ProviderFactory.java:85)
	at org.apache.maven.surefire.booter.ForkedBooter.runSuitesInProcess(ForkedBooter.java:115)
	at org.apache.maven.surefire.booter.ForkedBooter.main(ForkedBooter.java:75)
Caused by: org.openqa.selenium.NoSuchElementException: Unable to locate element: {"method":"xpath","selector":"//div[@class = 'i-view']//select[@name = 'f']"}
For documentation on this error, please visit: http://seleniumhq.org/exceptions/no_such_element.html
Build info: version: '2.48.2', revision: '41bccdd10cf2c0560f637404c2d96164b67d9d67', time: '2015-10-09 13:08:06'
System info: host: 'MacBook-Pro-Darya.local', ip: '192.168.1.3', os.name: 'Mac OS X', os.arch: 'x86_64', os.version: '10.10.5', java.version: '1.8.0_65'
Driver info: driver.version: unknown
	at <anonymous class>.FirefoxDriver.prototype.findElementInternal_(file:///var/folders/2g/yh1_y1n540zf7m2grdhw_y1c0000gn/T/anonymous343433677198975183webdriver-profile/extensions/fxdriver@googlecode.com/components/driver-component.js:10659)
	at <anonymous class>.fxdriver.Timer.prototype.setTimeout/<.notify(file:///var/folders/2g/yh1_y1n540zf7m2grdhw_y1c0000gn/T/anonymous343433677198975183webdriver-profile/extensions/fxdriver@googlecode.com/components/driver-component.js:621)
]]>
            </full-stacktrace>
          </exception> <!-- org.openqa.selenium.NoSuchElementException -->
          <reporter-output>
          </reporter-output>
        </test-method> <!-- oneCanAddAd -->
        <test-method status="PASS" signature="stopBrowser()[pri:0, instance:OnlinerAutomationTest@77b52d12]" name="stopBrowser" is-config="true" duration-ms="239" started-at="2015-12-26T22:50:27Z" description="Stop Browser" finished-at="2015-12-26T22:50:28Z">
          <reporter-output>
          </reporter-output>
        </test-method> <!-- stopBrowser -->
        <test-method status="PASS" signature="setUp()[pri:0, instance:OnlinerAutomationTest@77b52d12]" name="setUp" is-config="true" duration-ms="6403" started-at="2015-12-26T22:50:28Z" description="Init browser" finished-at="2015-12-26T22:50:34Z">
          <reporter-output>
          </reporter-output>
        </test-method> <!-- setUp -->
        <test-method status="PASS" signature="oneCanExchangeOperation()[pri:0, instance:OnlinerAutomationTest@77b52d12]" name="oneCanExchangeOperation" duration-ms="16207" started-at="2015-12-26T22:50:34Z" description="Exchange" finished-at="2015-12-26T22:50:50Z">
          <reporter-output>
          </reporter-output>
        </test-method> <!-- oneCanExchangeOperation -->
        <test-method status="PASS" signature="stopBrowser()[pri:0, instance:OnlinerAutomationTest@77b52d12]" name="stopBrowser" is-config="true" duration-ms="161" started-at="2015-12-26T22:50:50Z" description="Stop Browser" finished-at="2015-12-26T22:50:50Z">
          <reporter-output>
          </reporter-output>
        </test-method> <!-- stopBrowser -->
        <test-method status="PASS" signature="setUp()[pri:0, instance:OnlinerAutomationTest@77b52d12]" name="setUp" is-config="true" duration-ms="5064" started-at="2015-12-26T22:50:50Z" description="Init browser" finished-at="2015-12-26T22:50:55Z">
          <reporter-output>
          </reporter-output>
        </test-method> <!-- setUp -->
        <test-method status="PASS" signature="oneCanLoginOnliner()[pri:0, instance:OnlinerAutomationTest@77b52d12]" name="oneCanLoginOnliner" duration-ms="20327" started-at="2015-12-26T22:50:55Z" description="Login to Onliner" finished-at="2015-12-26T22:51:16Z">
          <reporter-output>
          </reporter-output>
        </test-method> <!-- oneCanLoginOnliner -->
        <test-method status="PASS" signature="stopBrowser()[pri:0, instance:OnlinerAutomationTest@77b52d12]" name="stopBrowser" is-config="true" duration-ms="290" started-at="2015-12-26T22:51:16Z" description="Stop Browser" finished-at="2015-12-26T22:51:16Z">
          <reporter-output>
          </reporter-output>
        </test-method> <!-- stopBrowser -->
        <test-method status="PASS" signature="setUp()[pri:0, instance:OnlinerAutomationTest@77b52d12]" name="setUp" is-config="true" duration-ms="5060" started-at="2015-12-26T22:51:16Z" description="Init browser" finished-at="2015-12-26T22:51:21Z">
          <reporter-output>
          </reporter-output>
        </test-method> <!-- setUp -->
        <test-method status="PASS" signature="oneCanSearch()[pri:0, instance:OnlinerAutomationTest@77b52d12]" name="oneCanSearch" duration-ms="14523" started-at="2015-12-26T22:51:21Z" description="Search" finished-at="2015-12-26T22:51:36Z">
          <reporter-output>
          </reporter-output>
        </test-method> <!-- oneCanSearch -->
        <test-method status="PASS" signature="stopBrowser()[pri:0, instance:OnlinerAutomationTest@77b52d12]" name="stopBrowser" is-config="true" duration-ms="221" started-at="2015-12-26T22:51:36Z" description="Stop Browser" finished-at="2015-12-26T22:51:36Z">
          <reporter-output>
          </reporter-output>
        </test-method> <!-- stopBrowser -->
        <test-method status="PASS" signature="setUp()[pri:0, instance:OnlinerAutomationTest@77b52d12]" name="setUp" is-config="true" duration-ms="7804" started-at="2015-12-26T22:51:36Z" description="Init browser" finished-at="2015-12-26T22:51:44Z">
          <reporter-output>
          </reporter-output>
        </test-method> <!-- setUp -->
        <test-method status="PASS" signature="oneCanSendMessage()[pri:0, instance:OnlinerAutomationTest@77b52d12]" name="oneCanSendMessage" duration-ms="26000" started-at="2015-12-26T22:51:44Z" description="SendMessage" finished-at="2015-12-26T22:52:10Z">
          <reporter-output>
          </reporter-output>
        </test-method> <!-- oneCanSendMessage -->
        <test-method status="PASS" signature="stopBrowser()[pri:0, instance:OnlinerAutomationTest@77b52d12]" name="stopBrowser" is-config="true" duration-ms="196" started-at="2015-12-26T22:52:10Z" description="Stop Browser" finished-at="2015-12-26T22:52:10Z">
          <reporter-output>
          </reporter-output>
        </test-method> <!-- stopBrowser -->
      </class> <!-- OnlinerAutomationTest -->
    </test> <!-- Command line test -->
  </suite> <!-- OnlinerAutomationTest -->
</testng-results>
